-- The C compiler identification is GNU 11.4.0
-- The CXX compiler identification is GNU 11.4.0
-- Detecting C compiler ABI info
-- Detecting C compiler ABI info - done
-- Check for working C compiler: /usr/bin/cc - skipped
-- Detecting C compile features
-- Detecting C compile features - done
-- Detecting CXX compiler ABI info
-- Detecting CXX compiler ABI info - done
-- Check for working CXX compiler: /usr/bin/c++ - skipped
-- Detecting CXX compile features
-- Detecting CXX compile features - done
-- Found ament_cmake: 1.3.10 (/opt/ros/humble/share/ament_cmake/cmake)
-- Found Python3: /usr/bin/python3 (found version "3.10.12") found components: Interpreter 
-- Found rclcpp: 16.0.10 (/opt/ros/humble/share/rclcpp/cmake)
-- Found rosidl_generator_c: 3.1.5 (/opt/ros/humble/share/rosidl_generator_c/cmake)
-- Found rosidl_adapter: 3.1.5 (/opt/ros/humble/share/rosidl_adapter/cmake)
-- Found rosidl_generator_cpp: 3.1.5 (/opt/ros/humble/share/rosidl_generator_cpp/cmake)
-- Using all available rosidl_typesupport_c: rosidl_typesupport_fastrtps_c;rosidl_typesupport_introspection_c
-- Using all available rosidl_typesupport_cpp: rosidl_typesupport_fastrtps_cpp;rosidl_typesupport_introspection_cpp
-- Found rmw_implementation_cmake: 6.1.2 (/opt/ros/humble/share/rmw_implementation_cmake/cmake)
-- Found rmw_fastrtps_cpp: 6.2.7 (/opt/ros/humble/share/rmw_fastrtps_cpp/cmake)
-- Found OpenSSL: /usr/lib/x86_64-linux-gnu/libcrypto.so (found version "3.0.2")  
-- Found FastRTPS: /opt/ros/humble/include  
-- Using RMW implementation 'rmw_fastrtps_cpp' as default
-- Looking for pthread.h
-- Looking for pthread.h - found
-- Performing Test CMAKE_HAVE_LIBC_PTHREAD
-- Performing Test CMAKE_HAVE_LIBC_PTHREAD - Success
-- Found Threads: TRUE  
-- Found micro_ros_agent: 3.0.6 (/home/humble/microros_ws/install/micro_ros_agent/share/micro_ros_agent/cmake)
-- Found teleop_twist_joy: 2.4.7 (/home/humble/microros_ws/install/teleop_twist_joy/share/teleop_twist_joy/cmake)
-- Found ament_lint_auto: 0.12.11 (/opt/ros/humble/share/ament_lint_auto/cmake)
-- Added test 'copyright' to check source files copyright and LICENSE
-- Added test 'cppcheck' to perform static code analysis on C / C++ code
-- Configured cppcheck include dirs: $<BUILD_INTERFACE:/home/humble/microros_ws/src/MicroROS/include>
-- Configured cppcheck exclude dirs and/or files: 
-- Added test 'cpplint' to check C / C++ code against the Google style
-- Configured cpplint exclude dirs and/or files: 
-- Added test 'flake8' to check Python code syntax and style conventions
-- Added test 'lint_cmake' to check CMake code style
-- Added test 'pep257' to check Python code against some of the docstring style conventions in PEP 257
-- Added test 'uncrustify' to check C / C++ code style
-- Configured uncrustify additional arguments: 
-- Added test 'xmllint' to check XML markup files
-- Configuring done
-- Generating done
-- Build files have been written to: /home/humble/microros_ws/src/MicroROS/build/var
[ 50%] [32mBuilding CXX object CMakeFiles/var_info.dir/src/var_info.cpp.o[0m
[ 50%] Built target ament_cmake_python_copy_var
[100%] [32m[1mLinking CXX executable var_info[0m
[100%] Built target var_info
running egg_info
creating var.egg-info
writing var.egg-info/PKG-INFO
writing dependency_links to var.egg-info/dependency_links.txt
writing top-level names to var.egg-info/top_level.txt
writing manifest file 'var.egg-info/SOURCES.txt'
reading manifest file 'var.egg-info/SOURCES.txt'
writing manifest file 'var.egg-info/SOURCES.txt'
[100%] Built target ament_cmake_python_build_var_egg
-- Install configuration: ""
-- Installing: /home/humble/microros_ws/src/MicroROS/install/var/lib/var/var_info
-- Installing: /home/humble/microros_ws/src/MicroROS/install/var/share/var/environment/pythonpath.sh
-- Installing: /home/humble/microros_ws/src/MicroROS/install/var/share/var/environment/pythonpath.dsv
-- Installing: /home/humble/microros_ws/src/MicroROS/install/var/local/lib/python3.10/dist-packages/var-0.0.0-py3.10.egg-info
-- Installing: /home/humble/microros_ws/src/MicroROS/install/var/local/lib/python3.10/dist-packages/var-0.0.0-py3.10.egg-info/top_level.txt
-- Installing: /home/humble/microros_ws/src/MicroROS/install/var/local/lib/python3.10/dist-packages/var-0.0.0-py3.10.egg-info/dependency_links.txt
-- Installing: /home/humble/microros_ws/src/MicroROS/install/var/local/lib/python3.10/dist-packages/var-0.0.0-py3.10.egg-info/SOURCES.txt
-- Installing: /home/humble/microros_ws/src/MicroROS/install/var/local/lib/python3.10/dist-packages/var-0.0.0-py3.10.egg-info/PKG-INFO
-- Installing: /home/humble/microros_ws/src/MicroROS/install/var/local/lib/python3.10/dist-packages/var
-- Installing: /home/humble/microros_ws/src/MicroROS/install/var/local/lib/python3.10/dist-packages/var/__init__.py
Listing '/home/humble/microros_ws/src/MicroROS/install/var/local/lib/python3.10/dist-packages/var'...
Compiling '/home/humble/microros_ws/src/MicroROS/install/var/local/lib/python3.10/dist-packages/var/__init__.py'...
-- Installing: /home/humble/microros_ws/src/MicroROS/install/var/lib/var/var_joy.py
-- Installing: /home/humble/microros_ws/src/MicroROS/install/var/share/var//launch
-- Installing: /home/humble/microros_ws/src/MicroROS/install/var/share/var//launch/var_launch.py
-- Installing: /home/humble/microros_ws/src/MicroROS/install/var/share/ament_index/resource_index/package_run_dependencies/var
-- Installing: /home/humble/microros_ws/src/MicroROS/install/var/share/ament_index/resource_index/parent_prefix_path/var
-- Installing: /home/humble/microros_ws/src/MicroROS/install/var/share/var/environment/ament_prefix_path.sh
-- Installing: /home/humble/microros_ws/src/MicroROS/install/var/share/var/environment/ament_prefix_path.dsv
-- Installing: /home/humble/microros_ws/src/MicroROS/install/var/share/var/environment/path.sh
-- Installing: /home/humble/microros_ws/src/MicroROS/install/var/share/var/environment/path.dsv
-- Installing: /home/humble/microros_ws/src/MicroROS/install/var/share/var/local_setup.bash
-- Installing: /home/humble/microros_ws/src/MicroROS/install/var/share/var/local_setup.sh
-- Installing: /home/humble/microros_ws/src/MicroROS/install/var/share/var/local_setup.zsh
-- Installing: /home/humble/microros_ws/src/MicroROS/install/var/share/var/local_setup.dsv
-- Installing: /home/humble/microros_ws/src/MicroROS/install/var/share/var/package.dsv
-- Installing: /home/humble/microros_ws/src/MicroROS/install/var/share/ament_index/resource_index/packages/var
-- Installing: /home/humble/microros_ws/src/MicroROS/install/var/share/var/cmake/varConfig.cmake
-- Installing: /home/humble/microros_ws/src/MicroROS/install/var/share/var/cmake/varConfig-version.cmake
-- Installing: /home/humble/microros_ws/src/MicroROS/install/var/share/var/package.xml
